SF:lib\features\artists\cubit\artists_cubit.dart
DA:11,3
DA:14,1
DA:15,1
DA:16,1
DA:18,1
DA:22,2
DA:23,1
DA:24,1
DA:30,1
DA:31,1
DA:33,1
LF:11
LH:11
end_of_record
SF:lib\model\artist_model.dart
DA:16,1
DA:17,1
DA:28,1
DA:29,1
LF:4
LH:4
end_of_record

SF:lib\repositories\artist_repository.dart
DA:5,1
DA:9,1
DA:10,2
LF:3
LH:3
end_of_record

SF:lib\features\home\add\cubit\add_cubit.dart
DA:10,3
DA:14,1
DA:20,2
DA:21,1
DA:22,1
DA:27,1
DA:28,1
DA:30,1
LF:8
LH:8
end_of_record
SF:lib\repositories\deadline_repository.dart
DA:5,1
DA:8,1
DA:9,4
DA:10,4
DA:14,1
DA:15,2
DA:18,1
DA:19,2
DA:22,1
DA:23,2
DA:24,2
DA:25,1
DA:26,1
DA:29,1
DA:30,2
LF:15
LH:15
end_of_record

SF:lib\model\deadline_model.dart
DA:8,13
DA:10,2
DA:13,2
DA:19,3
DA:28,2
DA:29,2
DA:31,1
DA:32,1
DA:33,4
DA:34,3
DA:35,1
DA:38,1
DA:39,3
LF:13
LH:13
end_of_record

SF:lib\features\home\cubit\home_cubit.dart
DA:12,3
DA:17,1
DA:18,2
DA:20,4
DA:21,1
DA:22,1
DA:23,1
DA:29,1
DA:30,1
DA:31,1
DA:33,1
DA:40,1
DA:42,2
DA:44,1
DA:45,1
DA:47,1
DA:53,1
DA:55,3
DA:57,1
DA:58,1
DA:60,1
DA:66,1
DA:67,2
DA:68,1
DA:70,1
DA:74,2
DA:75,4
DA:76,1
DA:78,2
DA:84,1
DA:86,2
DA:87,1
LF:32
LH:32
end_of_record
SF:lib\model\podcaster_model.dart
DA:16,1
DA:17,1
DA:28,1
DA:29,1
LF:4
LH:4
end_of_record

SF:lib\features\podcasters\cubit\podcasters_cubit.dart
DA:11,3
DA:14,1
DA:15,1
DA:16,1
DA:18,1
DA:22,2
DA:23,1
DA:24,1
DA:30,1
DA:31,1
DA:33,1
LF:11
LH:11
end_of_record
SF:lib\repositories\podcaster_repository.dart
DA:5,1
DA:9,1
DA:10,2
LF:3
LH:3
end_of_record
